<?xml version="1.0" encoding="UTF-8"?>
<!-- Generated by org.testng.reporters.JUnitXMLReporter -->
<testsuite ignored="0" hostname="DESKTOP-BDCU2EV" failures="0" tests="3" name="Test" time="29.419" errors="0" timestamp="2022-11-26T09:36:49 IST">
  <testcase classname="parallelexecutionClasses.addnationality" name="f" time="12.513"/>
  <testcase classname="parallelexecutionClasses.addjobs" name="samp" time="12.982"/>
  <testcase classname="parallelexecutionClasses.addskills" name="f" time="29.375"/>
</testsuite> <!-- Test -->
