<?xml version="1.0" encoding="UTF-8"?>
<testng-results ignored="0" total="1" passed="1" failed="0" skipped="0">
  <reporter-output>
  </reporter-output>
  <suite started-at="2023-02-13T16:26:21 IST" name="Default suite" finished-at="2023-02-13T16:26:34 IST" duration-ms="13284">
    <groups>
    </groups>
    <test started-at="2023-02-13T16:26:21 IST" name="Default test" finished-at="2023-02-13T16:26:34 IST" duration-ms="13284">
      <class name="A_javascriptexe.highlighting">
        <test-method signature="samp()[pri:0, instance:A_javascriptexe.highlighting@1b2abca6]" started-at="2023-02-13T16:26:21 IST" name="samp" finished-at="2023-02-13T16:26:34 IST" duration-ms="13255" status="PASS">
          <reporter-output>
          </reporter-output>
        </test-method> <!-- samp -->
      </class> <!-- A_javascriptexe.highlighting -->
    </test> <!-- Default test -->
  </suite> <!-- Default suite -->
</testng-results>
