<?xml version="1.0" encoding="UTF-8"?>
<!-- Generated by org.testng.reporters.JUnitXMLReporter -->
<testsuite ignored="0" hostname="DESKTOP-BDCU2EV" failures="0" tests="3" name="Test" time="64.94" errors="0" timestamp="2022-11-18T09:35:03 IST">
  <testcase classname="A_Rerun_Failedtestcases.addjobs" name="samp" time="11.0"/>
  <testcase classname="A_Rerun_Failedtestcases.addnationality" name="f" time="27.421"/>
  <testcase classname="A_Rerun_Failedtestcases.addskills" name="f" time="26.479"/>
</testsuite> <!-- Test -->
