<?xml version="1.0" encoding="UTF-8"?>
<!-- Generated by org.testng.reporters.JUnitXMLReporter -->
<testsuite ignored="0" hostname="DESKTOP-BDCU2EV" failures="0" tests="3" name="Test" time="36.697" errors="0" timestamp="2022-12-14T10:54:03 IST">
  <testcase classname="A_dataprovider.Performance" name="skills" time="13.077"/>
  <testcase classname="A_dataprovider.Performance" name="skills" time="9.415"/>
  <testcase classname="A_dataprovider.Performance" name="skills" time="10.001"/>
</testsuite> <!-- Test -->
